<!DOCTYPE html PUBLIC "-//W3C//DTD XHTML 1.1//EN" "http://www.w3.org/TR/xhtml11/DTD/xhtml11.dtd">
<html xmlns="http://www.w3.org/1999/xhtml">
<head>
<meta http-equiv="content-type" content="text/html; charset=UTF-8"/>
<title>TestNG Report</title>
<style type="text/css">table {margin-bottom:10px;border-collapse:collapse;empty-cells:show}th,td {border:1px solid #009;padding:.25em .5em}th {vertical-align:bottom}td {vertical-align:top}table a {font-weight:bold}.stripe td {background-color: #E6EBF9}.num {text-align:right}.passedodd td {background-color: #3F3}.passedeven td {background-color: #0A0}.skippedodd td {background-color: #DDD}.skippedeven td {background-color: #CCC}.failedodd td,.attn {background-color: #F33}.failedeven td,.stripe .attn {background-color: #D00}.stacktrace {white-space:pre;font-family:monospace}.totop {font-size:85%;text-align:center;border-bottom:2px solid #000}.invisible {display:none}</style>
</head>
<body>
<table>
<tr><th>Test</th><th># Passed</th><th># Skipped</th><th># Retried</th><th># Failed</th><th>Time (ms)</th><th>Included Groups</th><th>Excluded Groups</th></tr>
<tr><th colspan="8">Suite</th></tr>
<tr><td><a href="#t0">Test</a></td><td class="num">7</td><td class="num">0</td><td class="num">0</td><td class="num attn">3</td><td class="num">129,678</td><td></td><td></td></tr>
</table>
<table id='summary'><thead><tr><th>Class</th><th>Method</th><th>Start</th><th>Time (ms)</th></tr></thead><tbody><tr><th colspan="4">Suite</th></tr></tbody><tbody id="t0"><tr><th colspan="4">Test &#8212; failed</th></tr><tr class="failedeven"><td rowspan="2">ktctc.ebanking.LoginPageTest</td><td><a href="#m0">loginToHomePageTest</a></td><td rowspan="2">1643174967055</td><td rowspan="2">12588</td></tr><tr class="failedeven"><td><a href="#m1">loginToHomePageTest</a></td></tr><tr class="failedodd"><td rowspan="1">ktctc.ebanking.RegistrationPageTest</td><td><a href="#m2">validateRegistrationTest</a></td><td rowspan="1">1643175003350</td><td rowspan="1">3474</td></tr><tr><th colspan="4">Test &#8212; passed</th></tr><tr class="passedeven"><td rowspan="1">ktctc.ebanking.DepositPageTest</td><td><a href="#m3">validateDeposit</a></td><td rowspan="1">1643175011643</td><td rowspan="1">5525</td></tr><tr class="passedodd"><td rowspan="2">ktctc.ebanking.HomePageTest</td><td><a href="#m4">validateAccNo</a></td><td rowspan="1">1643174941464</td><td rowspan="1">3734</td></tr><tr class="passedodd"><td><a href="#m5">validateBalance</a></td><td rowspan="1">1643174950254</td><td rowspan="1">3248</td></tr><tr class="passedeven"><td rowspan="1">ktctc.ebanking.LoanPageTest</td><td><a href="#m6">verifyCarLoanRequestTest</a></td><td rowspan="1">1643175052477</td><td rowspan="1">6290</td></tr><tr class="passedodd"><td rowspan="1">ktctc.ebanking.LoginPageTest</td><td><a href="#m7">loginToHomePageTest</a></td><td rowspan="1">1643174959390</td><td rowspan="1">2893</td></tr><tr class="passedeven"><td rowspan="2">ktctc.ebanking.TransferPageTest</td><td><a href="#m8">validateBankTransfer</a></td><td rowspan="1">1643175022531</td><td rowspan="1">7481</td></tr><tr class="passedeven"><td><a href="#m9">validateWithdraw</a></td><td rowspan="1">1643175036631</td><td rowspan="1">9614</td></tr></tbody>
</table>
<h2>Test</h2><h3 id="m0">ktctc.ebanking.LoginPageTest#loginToHomePageTest</h3><table class="result"><tr class="param"><th>Parameter #1</th><th>Parameter #2</th></tr><tr class="param stripe"><td>abc@gmail.com</td><td>abcd</td></tr><tr><th colspan="2">Exception</th></tr><tr><td colspan="2"><div class="stacktrace">java.lang.AssertionError: expected [true] but found [false]
	at ktctc.ebanking.LoginPageTest.loginToHomePageTest(LoginPageTest.java:49)
	at java.base/java.util.ArrayList.forEach(ArrayList.java:1511)
... Removed 31 stack frames</div></td></tr></table><p class="totop"><a href="#summary">back to summary</a></p>
<h3 id="m1">ktctc.ebanking.LoginPageTest#loginToHomePageTest</h3><table class="result"><tr class="param"><th>Parameter #1</th><th>Parameter #2</th></tr><tr class="param stripe"><td>yyz@gmail.com</td><td>pqrs</td></tr><tr><th colspan="2">Exception</th></tr><tr><td colspan="2"><div class="stacktrace">java.lang.AssertionError: expected [true] but found [false]
	at ktctc.ebanking.LoginPageTest.loginToHomePageTest(LoginPageTest.java:49)
	at java.base/java.util.ArrayList.forEach(ArrayList.java:1511)
... Removed 31 stack frames</div></td></tr></table><p class="totop"><a href="#summary">back to summary</a></p>
<h3 id="m2">ktctc.ebanking.RegistrationPageTest#validateRegistrationTest</h3><table class="result"><tr><th>Exception</th></tr><tr><td><div class="stacktrace">org.openqa.selenium.interactions.MoveTargetOutOfBoundsException: move target out of bounds
  (Session info: chrome=97.0.4692.99)
Build info: version: &apos;3.141.59&apos;, revision: &apos;e82be7d358&apos;, time: &apos;2018-11-14T08:17:03&apos;
System info: host: &apos;DESKTOP-LIMR78O&apos;, ip: &apos;192.168.62.211&apos;, os.name: &apos;Windows 10&apos;, os.arch: &apos;amd64&apos;, os.version: &apos;10.0&apos;, java.version: &apos;17.0.1&apos;
Driver info: org.openqa.selenium.chrome.ChromeDriver
Capabilities {acceptInsecureCerts: false, browserName: chrome, browserVersion: 97.0.4692.99, chrome: {chromedriverVersion: 97.0.4692.71 (adefa7837d02a..., userDataDir: C:\Users\LENOVO\AppData\Loc...}, goog:chromeOptions: {debuggerAddress: localhost:60997}, javascriptEnabled: true, networkConnectionEnabled: false, pageLoadStrategy: normal, platform: WINDOWS, platformName: WINDOWS, proxy: Proxy(), setWindowRect: true, strictFileInteractability: false, timeouts: {implicit: 0, pageLoad: 300000, script: 30000}, unhandledPromptBehavior: dismiss and notify, webauthn:extension:credBlob: true, webauthn:extension:largeBlob: true, webauthn:virtualAuthenticators: true}
Session ID: 6275c70f2a4e4eafa613b6ca1ecbad84
	at org.openqa.selenium.remote.http.W3CHttpResponseCodec.createException(W3CHttpResponseCodec.java:187)
	at org.openqa.selenium.remote.http.W3CHttpResponseCodec.decode(W3CHttpResponseCodec.java:122)
	at org.openqa.selenium.remote.http.W3CHttpResponseCodec.decode(W3CHttpResponseCodec.java:49)
	at org.openqa.selenium.remote.HttpCommandExecutor.execute(HttpCommandExecutor.java:158)
	at org.openqa.selenium.remote.service.DriverCommandExecutor.execute(DriverCommandExecutor.java:83)
	at org.openqa.selenium.remote.RemoteWebDriver.execute(RemoteWebDriver.java:552)
	at org.openqa.selenium.remote.RemoteWebDriver.perform(RemoteWebDriver.java:618)
	at org.openqa.selenium.interactions.Actions$BuiltAction.perform(Actions.java:639)
	at ktctc.ebanking.actiondriver.Action.click(Action.java:48)
	at ktctc.ebanking.pageobject.RegistrationPage.newRegistration(RegistrationPage.java:67)
	at ktctc.ebanking.RegistrationPageTest.validateRegistrationTest(RegistrationPageTest.java:46)
	at java.base/java.util.ArrayList.forEach(ArrayList.java:1511)
... Removed 32 stack frames</div></td></tr></table><p class="totop"><a href="#summary">back to summary</a></p>
<h3 id="m3">ktctc.ebanking.DepositPageTest#validateDeposit</h3><table class="result"><tr><th class="invisible"/></tr></table><p class="totop"><a href="#summary">back to summary</a></p>
<h3 id="m4">ktctc.ebanking.HomePageTest#validateAccNo</h3><table class="result"><tr><th class="invisible"/></tr></table><p class="totop"><a href="#summary">back to summary</a></p>
<h3 id="m5">ktctc.ebanking.HomePageTest#validateBalance</h3><table class="result"><tr><th class="invisible"/></tr></table><p class="totop"><a href="#summary">back to summary</a></p>
<h3 id="m6">ktctc.ebanking.LoanPageTest#verifyCarLoanRequestTest</h3><table class="result"><tr><th class="invisible"/></tr></table><p class="totop"><a href="#summary">back to summary</a></p>
<h3 id="m7">ktctc.ebanking.LoginPageTest#loginToHomePageTest</h3><table class="result"><tr class="param"><th>Parameter #1</th><th>Parameter #2</th></tr><tr class="param stripe"><td>octD3.shreyas@mailinator.com</td><td>Shiru@354</td></tr></table><p class="totop"><a href="#summary">back to summary</a></p>
<h3 id="m8">ktctc.ebanking.TransferPageTest#validateBankTransfer</h3><table class="result"><tr><th class="invisible"/></tr></table><p class="totop"><a href="#summary">back to summary</a></p>
<h3 id="m9">ktctc.ebanking.TransferPageTest#validateWithdraw</h3><table class="result"><tr><th class="invisible"/></tr></table><p class="totop"><a href="#summary">back to summary</a></p>
</body>
</html>
